{"uuid":"ed603d48-6606-4bd1-846b-082ab7e869fa","historyId":"e79d5f233c317e6b441219ff63e7d83e","fullName":"tests.Pages.FAQ.GeneralQuestions.GeneralQuestions","labels":[{"name":"package","value":"tests.Pages.FAQ.GeneralQuestions"},{"name":"testClass","value":"tests.Pages.FAQ.GeneralQuestions"},{"name":"testMethod","value":"GeneralQuestions"},{"name":"parentSuite","value":"All Test Suite"},{"name":"suite","value":"FAQ"},{"name":"subSuite","value":"tests.Pages.FAQ.GeneralQuestions"},{"name":"host","value":"DESKTOP-J30HNPS"},{"name":"thread","value":"9728@DESKTOP-J30HNPS.main(1)"},{"name":"framework","value":"testng"},{"name":"language","value":"java"}],"links":[],"name":"Проверка FAQ","status":"passed","statusDetails":{"known":false,"muted":false,"flaky":false},"stage":"finished","description":"Смотрим тест в целом","steps":[{"name":"Переход на страницу игры через боковую панель","status":"passed","stage":"finished","steps":[{"name":"Проверка кода 200 страницы","status":"passed","stage":"finished","steps":[],"attachments":[],"parameters":[],"start":1697443386044,"stop":1697443386044}],"attachments":[],"parameters":[],"start":1697443385638,"stop":1697443386044},{"name":"Проверка появления ответов на все вопросы","status":"broken","statusDetails":{"known":false,"muted":false,"flaky":false,"message":"org.openqa.selenium.JavascriptException: javascript error: $ is not defined\n  (Session info: chrome=114.0.5735.134)\nBuild info: version: '4.9.1', revision: 'eb2032df7f'\nSystem info: os.name: 'Windows 10', os.arch: 'amd64', os.version: '10.0', java.version: '20.0.2'\nDriver info: org.openqa.selenium.chrome.ChromeDriver\nCommand: [f7e1d0dbad04bc91edce8c88381be49f, executeScript {script=function Coords(el) {\n    this.left = parseInt(el.offset().left);\n    this.top = parseInt(el.offset().top);\n    this.right = parseInt(this.left + el.outerWidth());\n    this.bottom = parseInt(this.top + el.outerHeight());\n}\n\nCoords.prototype.toString = function () {\n    var x = Math.max(this.left, 0);\n    var y = Math.max(this.top, 0);\n    return JSON.stringify({\n        x:x,\n        y:y,\n        width:this.right - x,\n        height:this.bottom - y\n    });\n};\n\nreturn [(new Coords($(arguments[0]))).toString()];\n, args=[{element-6066-11e4-a52e-4f735466cecf=DAF75039560B4A5C60878B7334FCA9A7_element_278}]}]\nCapabilities {acceptInsecureCerts: false, browserName: chrome, browserVersion: 114.0.5735.134, chrome: {chromedriverVersion: 114.0.5735.90 (386bc09e8f4f..., userDataDir: C:\\Users\\User\\AppData\\Local...}, goog:chromeOptions: {debuggerAddress: localhost:55173}, networkConnectionEnabled: false, pageLoadStrategy: normal, platformName: windows, proxy: Proxy(), se:cdp: ws://localhost:55173/devtoo..., se:cdpVersion: 114.0.5735.134, setWindowRect: true, strictFileInteractability: false, timeouts: {implicit: 0, pageLoad: 300000, script: 30000}, unhandledPromptBehavior: dismiss and notify, webauthn:extension:credBlob: true, webauthn:extension:largeBlob: true, webauthn:extension:minPinLength: true, webauthn:extension:prf: true, webauthn:virtualAuthenticators: true}\nSession ID: f7e1d0dbad04bc91edce8c88381be49f","trace":"java.lang.RuntimeException: org.openqa.selenium.JavascriptException: javascript error: $ is not defined\n  (Session info: chrome=114.0.5735.134)\nBuild info: version: '4.9.1', revision: 'eb2032df7f'\nSystem info: os.name: 'Windows 10', os.arch: 'amd64', os.version: '10.0', java.version: '20.0.2'\nDriver info: org.openqa.selenium.chrome.ChromeDriver\nCommand: [f7e1d0dbad04bc91edce8c88381be49f, executeScript {script=function Coords(el) {\n    this.left = parseInt(el.offset().left);\n    this.top = parseInt(el.offset().top);\n    this.right = parseInt(this.left + el.outerWidth());\n    this.bottom = parseInt(this.top + el.outerHeight());\n}\n\nCoords.prototype.toString = function () {\n    var x = Math.max(this.left, 0);\n    var y = Math.max(this.top, 0);\n    return JSON.stringify({\n        x:x,\n        y:y,\n        width:this.right - x,\n        height:this.bottom - y\n    });\n};\n\nreturn [(new Coords($(arguments[0]))).toString()];\n, args=[{element-6066-11e4-a52e-4f735466cecf=DAF75039560B4A5C60878B7334FCA9A7_element_278}]}]\nCapabilities {acceptInsecureCerts: false, browserName: chrome, browserVersion: 114.0.5735.134, chrome: {chromedriverVersion: 114.0.5735.90 (386bc09e8f4f..., userDataDir: C:\\Users\\User\\AppData\\Local...}, goog:chromeOptions: {debuggerAddress: localhost:55173}, networkConnectionEnabled: false, pageLoadStrategy: normal, platformName: windows, proxy: Proxy(), se:cdp: ws://localhost:55173/devtoo..., se:cdpVersion: 114.0.5735.134, setWindowRect: true, strictFileInteractability: false, timeouts: {implicit: 0, pageLoad: 300000, script: 30000}, unhandledPromptBehavior: dismiss and notify, webauthn:extension:credBlob: true, webauthn:extension:largeBlob: true, webauthn:extension:minPinLength: true, webauthn:extension:prf: true, webauthn:virtualAuthenticators: true}\nSession ID: f7e1d0dbad04bc91edce8c88381be49f\r\n\tat ru.yandex.qatools.ashot.util.InnerScript.execute(InnerScript.java:32)\r\n\tat ru.yandex.qatools.ashot.util.JsCoords.findCoordsWithJquery(JsCoords.java:24)\r\n\tat ru.yandex.qatools.ashot.coordinates.JqueryCoordsProvider.ofElement(JqueryCoordsProvider.java:14)\r\n\tat ru.yandex.qatools.ashot.coordinates.CoordsProvider.ofElements(CoordsProvider.java:21)\r\n\tat ru.yandex.qatools.ashot.AShot.takeScreenshot(AShot.java:116)\r\n\tat ru.yandex.qatools.ashot.AShot.takeScreenshot(AShot.java:134)\r\n\tat Pages.FAQ.Functions.clickOnTheAnswers(Functions.java:34)\r\n\tat tests.Pages.FAQ.GeneralQuestions.lambda$GeneralQuestions$1(GeneralQuestions.java:28)\r\n\tat io.qameta.allure.Allure.lambda$step$0(Allure.java:113)\r\n\tat io.qameta.allure.Allure.lambda$step$1(Allure.java:127)\r\n\tat io.qameta.allure.Allure.step(Allure.java:181)\r\n\tat io.qameta.allure.Allure.step(Allure.java:125)\r\n\tat io.qameta.allure.Allure.step(Allure.java:112)\r\n\tat tests.Pages.FAQ.GeneralQuestions.GeneralQuestions(GeneralQuestions.java:27)\r\n\tat java.base/jdk.internal.reflect.DirectMethodHandleAccessor.invoke(DirectMethodHandleAccessor.java:104)\r\n\tat java.base/java.lang.reflect.Method.invoke(Method.java:578)\r\n\tat org.testng.internal.invokers.MethodInvocationHelper.invokeMethod(MethodInvocationHelper.java:139)\r\n\tat org.testng.internal.invokers.TestInvoker.invokeMethod(TestInvoker.java:664)\r\n\tat org.testng.internal.invokers.TestInvoker.invokeTestMethod(TestInvoker.java:227)\r\n\tat org.testng.internal.invokers.MethodRunner.runInSequence(MethodRunner.java:50)\r\n\tat org.testng.internal.invokers.TestInvoker$MethodInvocationAgent.invoke(TestInvoker.java:957)\r\n\tat org.testng.internal.invokers.TestInvoker.invokeTestMethods(TestInvoker.java:200)\r\n\tat org.testng.internal.invokers.TestMethodWorker.invokeTestMethods(TestMethodWorker.java:148)\r\n\tat org.testng.internal.invokers.TestMethodWorker.run(TestMethodWorker.java:128)\r\n\tat java.base/java.util.ArrayList.forEach(ArrayList.java:1511)\r\n\tat org.testng.TestRunner.privateRun(TestRunner.java:848)\r\n\tat org.testng.TestRunner.run(TestRunner.java:621)\r\n\tat org.testng.SuiteRunner.runTest(SuiteRunner.java:443)\r\n\tat org.testng.SuiteRunner.runSequentially(SuiteRunner.java:437)\r\n\tat org.testng.SuiteRunner.privateRun(SuiteRunner.java:397)\r\n\tat org.testng.SuiteRunner.run(SuiteRunner.java:336)\r\n\tat org.testng.SuiteRunnerWorker.runSuite(SuiteRunnerWorker.java:52)\r\n\tat org.testng.SuiteRunnerWorker.run(SuiteRunnerWorker.java:95)\r\n\tat org.testng.TestNG.runSuitesSequentially(TestNG.java:1280)\r\n\tat org.testng.TestNG.runSuitesLocally(TestNG.java:1200)\r\n\tat org.testng.TestNG.runSuites(TestNG.java:1114)\r\n\tat org.testng.TestNG.run(TestNG.java:1082)\r\n\tat com.intellij.rt.testng.IDEARemoteTestNG.run(IDEARemoteTestNG.java:66)\r\n\tat com.intellij.rt.testng.RemoteTestNGStarter.main(RemoteTestNGStarter.java:105)\r\nCaused by: org.openqa.selenium.JavascriptException: javascript error: $ is not defined\n  (Session info: chrome=114.0.5735.134)\nBuild info: version: '4.9.1', revision: 'eb2032df7f'\nSystem info: os.name: 'Windows 10', os.arch: 'amd64', os.version: '10.0', java.version: '20.0.2'\nDriver info: org.openqa.selenium.chrome.ChromeDriver\nCommand: [f7e1d0dbad04bc91edce8c88381be49f, executeScript {script=function Coords(el) {\n    this.left = parseInt(el.offset().left);\n    this.top = parseInt(el.offset().top);\n    this.right = parseInt(this.left + el.outerWidth());\n    this.bottom = parseInt(this.top + el.outerHeight());\n}\n\nCoords.prototype.toString = function () {\n    var x = Math.max(this.left, 0);\n    var y = Math.max(this.top, 0);\n    return JSON.stringify({\n        x:x,\n        y:y,\n        width:this.right - x,\n        height:this.bottom - y\n    });\n};\n\nreturn [(new Coords($(arguments[0]))).toString()];\n, args=[{element-6066-11e4-a52e-4f735466cecf=DAF75039560B4A5C60878B7334FCA9A7_element_278}]}]\nCapabilities {acceptInsecureCerts: false, browserName: chrome, browserVersion: 114.0.5735.134, chrome: {chromedriverVersion: 114.0.5735.90 (386bc09e8f4f..., userDataDir: C:\\Users\\User\\AppData\\Local...}, goog:chromeOptions: {debuggerAddress: localhost:55173}, networkConnectionEnabled: false, pageLoadStrategy: normal, platformName: windows, proxy: Proxy(), se:cdp: ws://localhost:55173/devtoo..., se:cdpVersion: 114.0.5735.134, setWindowRect: true, strictFileInteractability: false, timeouts: {implicit: 0, pageLoad: 300000, script: 30000}, unhandledPromptBehavior: dismiss and notify, webauthn:extension:credBlob: true, webauthn:extension:largeBlob: true, webauthn:extension:minPinLength: true, webauthn:extension:prf: true, webauthn:virtualAuthenticators: true}\nSession ID: f7e1d0dbad04bc91edce8c88381be49f\r\n\tat java.base/jdk.internal.reflect.DirectConstructorHandleAccessor.newInstance(DirectConstructorHandleAccessor.java:67)\r\n\tat java.base/java.lang.reflect.Constructor.newInstanceWithCaller(Constructor.java:500)\r\n\tat java.base/java.lang.reflect.Constructor.newInstance(Constructor.java:484)\r\n\tat org.openqa.selenium.remote.codec.w3c.W3CHttpResponseCodec.createException(W3CHttpResponseCodec.java:200)\r\n\tat org.openqa.selenium.remote.codec.w3c.W3CHttpResponseCodec.decode(W3CHttpResponseCodec.java:133)\r\n\tat org.openqa.selenium.remote.codec.w3c.W3CHttpResponseCodec.decode(W3CHttpResponseCodec.java:53)\r\n\tat org.openqa.selenium.remote.HttpCommandExecutor.execute(HttpCommandExecutor.java:193)\r\n\tat org.openqa.selenium.remote.service.DriverCommandExecutor.invokeExecute(DriverCommandExecutor.java:183)\r\n\tat org.openqa.selenium.remote.service.DriverCommandExecutor.execute(DriverCommandExecutor.java:158)\r\n\tat org.openqa.selenium.remote.RemoteWebDriver.execute(RemoteWebDriver.java:543)\r\n\tat org.openqa.selenium.remote.RemoteWebDriver.executeScript(RemoteWebDriver.java:480)\r\n\tat ru.yandex.qatools.ashot.util.InnerScript.execute(InnerScript.java:30)\r\n\t... 38 more\r\n"},"stage":"finished","steps":[],"attachments":[],"parameters":[],"start":1697443386044,"stop":1697443386165}],"attachments":[],"parameters":[],"start":1697443385637,"stop":1697443386166}